[2026-07-05T04:02:39.800Z] LIVE AUTOPILOT ENGAGED
[2026-07-05T04:02:39.803Z] Send email to: zaiartifacts@web-library.net
[2026-07-05T04:02:39.803Z] Replies will go to: masterofgeniuses@atomicmail.io
[2026-07-05T04:02:39.803Z] 
[2026-07-05T04:02:43.740Z] [1s] waiting... (0 total msgs in inbox)
[2026-07-05T04:02:48.778Z] [6s] waiting... (0 total msgs in inbox)
[2026-07-05T04:02:53.854Z] [11s] waiting... (0 total msgs in inbox)
[2026-07-05T04:02:58.437Z] [16s] waiting... (0 total msgs in inbox)
[2026-07-05T04:03:03.085Z] [20s] waiting... (0 total msgs in inbox)
[2026-07-05T04:03:07.599Z] [25s] waiting... (0 total msgs in inbox)
[2026-07-05T04:03:12.130Z] [29s] waiting... (0 total msgs in inbox)
[2026-07-05T04:03:16.685Z] [34s] waiting... (0 total msgs in inbox)
[2026-07-05T04:03:21.157Z] [38s] waiting... (0 total msgs in inbox)
[2026-07-05T04:03:25.749Z] [43s] waiting... (0 total msgs in inbox)
[2026-07-05T04:03:30.242Z] [48s] waiting... (0 total msgs in inbox)
[2026-07-05T04:03:34.776Z] [52s] waiting... (0 total msgs in inbox)
[2026-07-05T04:03:39.314Z] [57s] waiting... (0 total msgs in inbox)
[2026-07-05T04:03:43.879Z] [61s] waiting... (0 total msgs in inbox)
[2026-07-05T04:03:48.451Z] [66s] waiting... (0 total msgs in inbox)
[2026-07-05T04:03:52.948Z] [70s] waiting... (0 total msgs in inbox)
[2026-07-05T04:03:57.529Z] [75s] waiting... (0 total msgs in inbox)
[2026-07-05T04:04:02.065Z] [79s] waiting... (0 total msgs in inbox)
[2026-07-05T04:04:06.653Z] [84s] waiting... (0 total msgs in inbox)
[2026-07-05T04:04:11.123Z] [88s] waiting... (0 total msgs in inbox)
[2026-07-05T04:04:15.577Z] [93s] waiting... (0 total msgs in inbox)
[2026-07-05T04:04:20.053Z] [97s] waiting... (0 total msgs in inbox)
[2026-07-05T04:04:24.542Z] [102s] waiting... (0 total msgs in inbox)
[2026-07-05T04:04:29.010Z] [106s] waiting... (0 total msgs in inbox)
[2026-07-05T04:04:33.621Z] [111s] waiting... (0 total msgs in inbox)
[2026-07-05T04:04:38.205Z] [116s] waiting... (0 total msgs in inbox)
[2026-07-05T04:04:42.713Z] [120s] waiting... (0 total msgs in inbox)
[2026-07-05T04:04:47.218Z] [125s] waiting... (0 total msgs in inbox)
[2026-07-05T04:04:51.754Z] [129s] waiting... (0 total msgs in inbox)
